<?xml version="1.0" encoding="UTF-8"?>
<testsuites name="jest tests" tests="2022" failures="0" time="105.369">
  <testsuite name="table helpers buildHeaderAndRowFromConfig" errors="0" failures="0" skipped="0" timestamp="2021-07-22T19:28:52" time="20.871" tests="27">
    <testcase classname="table helpers buildHeaderAndRowFromConfig Throws an error if columnDefinitions has more than one sortField" name="table helpers buildHeaderAndRowFromConfig Throws an error if columnDefinitions has more than one sortField" time="0.024">
    </testcase>
    <testcase classname="table helpers buildHeaderAndRowFromConfig build simple table headers" name="table helpers buildHeaderAndRowFromConfig build simple table headers" time="0.009">
    </testcase>
    <testcase classname="table helpers buildHeaderAndRowFromConfig build table headers and rows as expected" name="table helpers buildHeaderAndRowFromConfig build table headers and rows as expected" time="0.191">
    </testcase>
    <testcase classname="table helpers buildHeaderAndRowFromConfig build table headers and rows as expected with another key field" name="table helpers buildHeaderAndRowFromConfig build table headers and rows as expected with another key field" time="0.083">
    </testcase>
    <testcase classname="table helpers buildHeaderAndRowFromConfig build table rows as expected with transform" name="table helpers buildHeaderAndRowFromConfig build table rows as expected with transform" time="0.042">
    </testcase>
    <testcase classname="table helpers buildHeaderAndRowFromConfig build table rows as expected with a custom builder" name="table helpers buildHeaderAndRowFromConfig build table rows as expected with a custom builder" time="0.003">
    </testcase>
    <testcase classname="table helpers buildHeaderAndRowFromConfig build table rows as expected with a custom builder returning not valid component" name="table helpers buildHeaderAndRowFromConfig build table rows as expected with a custom builder returning not valid component" time="0.045">
    </testcase>
    <testcase classname="table helpers buildHeaderAndRowFromConfig build table rows as expected with currency" name="table helpers buildHeaderAndRowFromConfig build table rows as expected with currency" time="0.016">
    </testcase>
    <testcase classname="table helpers buildHeaderAndRowFromConfig build table rows as expected with currency from elements" name="table helpers buildHeaderAndRowFromConfig build table rows as expected with currency from elements" time="0.006">
    </testcase>
    <testcase classname="table helpers buildHeaderAndRowFromConfig build table rows as expected with date" name="table helpers buildHeaderAndRowFromConfig build table rows as expected with date" time="0.005">
    </testcase>
    <testcase classname="table helpers buildHeaderAndRowFromConfig build table rows as expected with datetime" name="table helpers buildHeaderAndRowFromConfig build table rows as expected with datetime" time="0.007">
    </testcase>
    <testcase classname="table helpers buildHeaderAndRowFromConfig build table rows as expected with select" name="table helpers buildHeaderAndRowFromConfig build table rows as expected with select" time="0.006">
    </testcase>
    <testcase classname="table helpers buildHeaderAndRowFromConfig build table rows as expected with select with transform" name="table helpers buildHeaderAndRowFromConfig build table rows as expected with select with transform" time="0.002">
    </testcase>
    <testcase classname="table helpers buildHeaderAndRowFromConfig build table rows as expected with switch" name="table helpers buildHeaderAndRowFromConfig build table rows as expected with switch" time="0.427">
    </testcase>
    <testcase classname="table helpers buildHeaderAndRowFromConfig build table rows as expected with transform" name="table helpers buildHeaderAndRowFromConfig build table rows as expected with transform" time="0.237">
    </testcase>
    <testcase classname="table helpers buildHeaderAndRowFromConfig build table rows as expected with switch caption" name="table helpers buildHeaderAndRowFromConfig build table rows as expected with switch caption" time="0.202">
    </testcase>
    <testcase classname="table helpers buildHeaderAndRowFromConfig build table rows as expected with reversed switch" name="table helpers buildHeaderAndRowFromConfig build table rows as expected with reversed switch" time="0.219">
    </testcase>
    <testcase classname="table helpers buildHeaderAndRowFromConfig build table rows as expected with textInput" name="table helpers buildHeaderAndRowFromConfig build table rows as expected with textInput" time="0.158">
    </testcase>
    <testcase classname="table helpers buildHeaderAndRowFromConfig build table rows as expected with textInput and transformed disabled and error" name="table helpers buildHeaderAndRowFromConfig build table rows as expected with textInput and transformed disabled and error" time="0.137">
    </testcase>
    <testcase classname="table helpers buildHeaderAndRowFromConfig build table rows as expected when value is null and switch caption should not be shown" name="table helpers buildHeaderAndRowFromConfig build table rows as expected when value is null and switch caption should not be shown" time="0.002">
    </testcase>
    <testcase classname="table helpers buildHeaderAndRowFromConfig build table rows as expected without tooltip as required" name="table helpers buildHeaderAndRowFromConfig build table rows as expected without tooltip as required" time="0.063">
    </testcase>
    <testcase classname="table helpers buildHeaderAndRowFromConfig build table rows as expected with radio" name="table helpers buildHeaderAndRowFromConfig build table rows as expected with radio" time="0.004">
    </testcase>
    <testcase classname="table helpers buildHeaderAndRowFromConfig build table rows as expected with radio and transform" name="table helpers buildHeaderAndRowFromConfig build table rows as expected with radio and transform" time="0.01">
    </testcase>
    <testcase classname="table helpers buildHeaderAndRowFromConfig build table headers and rows as expected when not in readonly mode" name="table helpers buildHeaderAndRowFromConfig build table headers and rows as expected when not in readonly mode" time="0.07">
    </testcase>
    <testcase classname="table helpers buildHeaderAndRowFromConfig build table headers and rows as expected when not in readonly mode with editing builder" name="table helpers buildHeaderAndRowFromConfig build table headers and rows as expected when not in readonly mode with editing builder" time="0.052">
    </testcase>
    <testcase classname="table helpers buildHeaderAndRowFromConfig build table headers and rows as expected when not in readonly mode with editing builder depending on field name" name="table helpers buildHeaderAndRowFromConfig build table headers and rows as expected when not in readonly mode with editing builder depending on field name" time="0.067">
    </testcase>
    <testcase classname="table helpers buildHeaderAndRowFromConfig build table headers and rows as expected when a column should not be visible" name="table helpers buildHeaderAndRowFromConfig build table headers and rows as expected when a column should not be visible" time="0.036">
    </testcase>
  </testsuite>
  <testsuite name="useNavigationState" errors="0" failures="0" skipped="0" timestamp="2021-07-22T19:28:52" time="21.144" tests="24">
    <testcase classname="useNavigationState provides state information about navigation without pages" name="useNavigationState provides state information about navigation without pages" time="0.402">
    </testcase>
    <testcase classname="useNavigationState provides state information about navigation" name="useNavigationState provides state information about navigation" time="0.332">
    </testcase>
    <testcase classname="useNavigationState provides state information about navigation when redirection is needed" name="useNavigationState provides state information about navigation when redirection is needed" time="0.317">
    </testcase>
    <testcase classname="useNavigationState provides state information about navigation when redirection is needed and currentScopeDefinition is undefined" name="useNavigationState provides state information about navigation when redirection is needed and currentScopeDefinition is undefined" time="0.285">
    </testcase>
    <testcase classname="useNavigationState handles incomplete paths" name="useNavigationState handles incomplete paths" time="0.103">
    </testcase>
    <testcase classname="useNavigationState with segments makes sure segment hrefs are correct" name="useNavigationState with segments makes sure segment hrefs are correct" time="0.155">
    </testcase>
    <testcase classname="useNavigationState tab label values gets a state value for a tab via selector" name="useNavigationState tab label values gets a state value for a tab via selector" time="0.17">
    </testcase>
    <testcase classname="useNavigationState tab label values handles if selector does not follow required function type" name="useNavigationState tab label values handles if selector does not follow required function type" time="0.2">
    </testcase>
    <testcase classname="useNavigationState tab label values gets a state value for a tab via data path (deprecated)" name="useNavigationState tab label values gets a state value for a tab via data path (deprecated)" time="0.13">
    </testcase>
    <testcase classname="useNavigationState provides a close handler for tabs" name="useNavigationState provides a close handler for tabs" time="0.123">
    </testcase>
    <testcase classname="useNavigationState Tab closing handler is not invoked when entity selector returns invalid entity" name="useNavigationState Tab closing handler is not invoked when entity selector returns invalid entity" time="0.087">
    </testcase>
    <testcase classname="useNavigationState Tab closing handler is not invoked when entity selector returns undefined" name="useNavigationState Tab closing handler is not invoked when entity selector returns undefined" time="0.091">
    </testcase>
    <testcase classname="useNavigationState Tab closing handler is not invoked when entity selector returns invalid entity id" name="useNavigationState Tab closing handler is not invoked when entity selector returns invalid entity id" time="0.105">
    </testcase>
    <testcase classname="useNavigationState Ensure tab closing handler is invoked when closing a tab" name="useNavigationState Ensure tab closing handler is invoked when closing a tab" time="0.081">
    </testcase>
    <testcase classname="useNavigationState Ensure tab closing handler is invoked when explicitly closing a tab" name="useNavigationState Ensure tab closing handler is invoked when explicitly closing a tab" time="0.125">
    </testcase>
    <testcase classname="useNavigationState navigates to module page if closing current tab" name="useNavigationState navigates to module page if closing current tab" time="0.082">
    </testcase>
    <testcase classname="getPageData extracts the module page data for an empty path" name="getPageData extracts the module page data for an empty path" time="0.002">
    </testcase>
    <testcase classname="getPageData extracts the data for a nested segment page" name="getPageData extracts the data for a nested segment page" time="0.001">
    </testcase>
    <testcase classname="getPageData extracts the data for a nested subpage" name="getPageData extracts the data for a nested subpage" time="0.002">
    </testcase>
    <testcase classname="getPageData handles variable path steps" name="getPageData handles variable path steps" time="0.001">
    </testcase>
    <testcase classname="getPageData handles variable path steps which uses &apos;path to regex&apos;" name="getPageData handles variable path steps which uses &apos;path to regex&apos;" time="0.002">
    </testcase>
    <testcase classname="getPageData handles multiple variable path steps" name="getPageData handles multiple variable path steps" time="0.002">
    </testcase>
    <testcase classname="getPageData handles missing data with multiple variable path steps" name="getPageData handles missing data with multiple variable path steps" time="0">
    </testcase>
    <testcase classname="getPageData handles missing page data" name="getPageData handles missing page data" time="0.002">
    </testcase>
  </testsuite>
  <testsuite name="useStyles" errors="0" failures="0" skipped="0" timestamp="2021-07-22T19:28:52" time="29.241" tests="36">
    <testcase classname="useStyles build tableHeader styles as expected" name="useStyles build tableHeader styles as expected" time="0.172">
    </testcase>
    <testcase classname="useStyles build stickyHeaderHead styles as expected" name="useStyles build stickyHeaderHead styles as expected" time="0.036">
    </testcase>
    <testcase classname="useStyles build stickyHeaderTable styles as expected" name="useStyles build stickyHeaderTable styles as expected" time="0.029">
    </testcase>
    <testcase classname="useStyles build stickyHeaderTableScroll styles as expected" name="useStyles build stickyHeaderTableScroll styles as expected" time="0.031">
    </testcase>
    <testcase classname="useStyles build stickyHeaderTableScroll styles as expected" name="useStyles build stickyHeaderTableScroll styles as expected" time="0.032">
    </testcase>
    <testcase classname="useStyles build tableRow styles as expected" name="useStyles build tableRow styles as expected" time="0.03">
    </testcase>
    <testcase classname="Memoize components Updates table row props" name="Memoize components Updates table row props" time="0.071">
    </testcase>
    <testcase classname="Memoize components Updates table row props if context is different" name="Memoize components Updates table row props if context is different" time="0.011">
    </testcase>
    <testcase classname="Memoize components Updates table row props when row in editing mode" name="Memoize components Updates table row props when row in editing mode" time="0.008">
    </testcase>
    <testcase classname="Memoize components Updates table row props if context is different and deepPropsComparation is set" name="Memoize components Updates table row props if context is different and deepPropsComparation is set" time="0.013">
    </testcase>
    <testcase classname="Memoize components Updates table body props" name="Memoize components Updates table body props" time="0.022">
    </testcase>
    <testcase classname="Memoize components Updates table props when rows changes" name="Memoize components Updates table props when rows changes" time="0.055">
    </testcase>
    <testcase classname="Memoize components Updates table props when sortField in headers change" name="Memoize components Updates table props when sortField in headers change" time="0.065">
    </testcase>
    <testcase classname="Memoize components Updates table props when sorting direction in headers changes" name="Memoize components Updates table props when sorting direction in headers changes" time="0.026">
    </testcase>
    <testcase classname="Memoize components Not updates table props when prev, next or both header.sortOptions are undefined" name="Memoize components Not updates table props when prev, next or both header.sortOptions are undefined" time="0.029">
    </testcase>
    <testcase classname="Memoize components Updates table props when changed and deep comparation enabled" name="Memoize components Updates table props when changed and deep comparation enabled" time="0.039">
    </testcase>
    <testcase classname="Memoize components Updates table props when not changed and deep comparation enabled" name="Memoize components Updates table props when not changed and deep comparation enabled" time="0.028">
    </testcase>
    <testcase classname="Memoize components Updates table props when columns amount changed and deep comparation enabled" name="Memoize components Updates table props when columns amount changed and deep comparation enabled" time="0.038">
    </testcase>
    <testcase classname="Table Fails if tableProps has wrong type" name="Table Fails if tableProps has wrong type" time="0.136">
    </testcase>
    <testcase classname="Table Renders Table" name="Table Renders Table" time="0.116">
    </testcase>
    <testcase classname="Table Renders Table in editing mode" name="Table Renders Table in editing mode" time="0.113">
    </testcase>
    <testcase classname="Table Renders Table with enabled sticky header" name="Table Renders Table with enabled sticky header" time="0.14">
    </testcase>
    <testcase classname="Table Renders Table with enabled sticky header and select mode" name="Table Renders Table with enabled sticky header and select mode" time="0.406">
    </testcase>
    <testcase classname="Table Renders Table with selection enabled" name="Table Renders Table with selection enabled" time="0.205">
    </testcase>
    <testcase classname="Table Renders Table with deep comparation" name="Table Renders Table with deep comparation" time="0.075">
    </testcase>
    <testcase classname="Table Table row selection handler is invoked" name="Table Table row selection handler is invoked" time="0.1">
    </testcase>
    <testcase classname="Table Table throws if one selected row props is missing" name="Table Table throws if one selected row props is missing" time="0.007">
    </testcase>
    <testcase classname="Table Table throws if the other selected row props is missing" name="Table Table throws if the other selected row props is missing" time="0.007">
    </testcase>
    <testcase classname="Table Table header selection handler is invoked" name="Table Table header selection handler is invoked" time="0.137">
    </testcase>
    <testcase classname="Table onRowClick is invoked when clicking on a table row" name="Table onRowClick is invoked when clicking on a table row" time="0.1">
    </testcase>
    <testcase classname="Table handle onresize event" name="Table handle onresize event" time="0.378">
    </testcase>
    <testcase classname="Table handle scrolling event" name="Table handle scrolling event" time="0.091">
    </testcase>
    <testcase classname="Table handle scrolling event when list has reached the end" name="Table handle scrolling event when list has reached the end" time="0.084">
    </testcase>
    <testcase classname="Table Renders Table with placeholder if rows are empty" name="Table Renders Table with placeholder if rows are empty" time="0.063">
    </testcase>
    <testcase classname="Table Renders Table with tableInfo if provided" name="Table Renders Table with tableInfo if provided" time="0.067">
    </testcase>
    <testcase classname="Table Renders Table rows with custom classes if provided and allowed" name="Table Renders Table rows with custom classes if provided and allowed" time="0.049">
    </testcase>
  </testsuite>
  <testsuite name="Preferences" errors="0" failures="0" skipped="0" timestamp="2021-07-22T19:28:52" time="29.415" tests="8">
    <testcase classname="Preferences renders a form dialog" name="Preferences renders a form dialog" time="0.626">
    </testcase>
    <testcase classname="Preferences shows view state fields, saves language change" name="Preferences shows view state fields, saves language change" time="0.219">
    </testcase>
    <testcase classname="Preferences stop events propagation with clickOutsideHandler" name="Preferences stop events propagation with clickOutsideHandler" time="0.028">
    </testcase>
    <testcase classname="Preferences shows view state fields, saves application change" name="Preferences shows view state fields, saves application change" time="0.184">
    </testcase>
    <testcase classname="Preferences clears and closes" name="Preferences clears and closes" time="0.179">
    </testcase>
    <testcase classname="Preferences handles missing current values" name="Preferences handles missing current values" time="0.154">
    </testcase>
    <testcase classname="Preferences createGetUpdater returns an update function" name="Preferences createGetUpdater returns an update function" time="0.007">
    </testcase>
    <testcase classname="Preferences createGetUpdater memoizes on update function and field name" name="Preferences createGetUpdater memoizes on update function and field name" time="0.007">
    </testcase>
  </testsuite>
  <testsuite name="AppFrame" errors="0" failures="0" skipped="0" timestamp="2021-07-22T19:28:52" time="31.912" tests="14">
    <testcase classname="AppFrame renders a viewport with scope selector, top bar and sidebar" name="AppFrame renders a viewport with scope selector, top bar and sidebar" time="0.77">
    </testcase>
    <testcase classname="AppFrame renders a viewport with scope selector, top bar and sidebar when no current application" name="AppFrame renders a viewport with scope selector, top bar and sidebar when no current application" time="0.314">
    </testcase>
    <testcase classname="AppFrame renders a viewport with scope selector, top bar and sidebar when no applications at all" name="AppFrame renders a viewport with scope selector, top bar and sidebar when no applications at all" time="0.237">
    </testcase>
    <testcase classname="AppFrame renders a viewport without scope selector" name="AppFrame renders a viewport without scope selector" time="0.208">
    </testcase>
    <testcase classname="AppFrame renders a viewport with cursor pointer event disabled" name="AppFrame renders a viewport with cursor pointer event disabled" time="0.379">
    </testcase>
    <testcase classname="AppFrame provides open flag, toggle and reset functions" name="AppFrame provides open flag, toggle and reset functions" time="0.498">
    </testcase>
    <testcase classname="AppFrame loads applications if not found" name="AppFrame loads applications if not found" time="0.084">
    </testcase>
    <testcase classname="AppFrame loads version info if no help url yet" name="AppFrame loads version info if no help url yet" time="0.071">
    </testcase>
    <testcase classname="AppFrame Display dialog to refresh the application when login is needed " name="AppFrame Display dialog to refresh the application when login is needed " time="0.408">
    </testcase>
    <testcase classname="AppFrame Invoke page reload when refresh button is clicked" name="AppFrame Invoke page reload when refresh button is clicked" time="0.295">
    </testcase>
    <testcase classname="ViewPort does not translate when closed" name="ViewPort does not translate when closed" time="0.012">
    </testcase>
    <testcase classname="ViewPort translates to the side when open" name="ViewPort translates to the side when open" time="0.003">
    </testcase>
    <testcase classname="Base pointer-events should be to default when preferences is hidden" name="Base pointer-events should be to default when preferences is hidden" time="0.004">
    </testcase>
    <testcase classname="Base pointer-events should be none when preferences is shown" name="Base pointer-events should be none when preferences is shown" time="0.005">
    </testcase>
  </testsuite>
  <testsuite name="InputField" errors="0" failures="0" skipped="0" timestamp="2021-07-22T19:28:52" time="32.618" tests="73">
    <testcase classname="InputField gives error message if given no type" name="InputField gives error message if given no type" time="0.198">
    </testcase>
    <testcase classname="InputField input type Button renders the input as a form field" name="InputField input type Button renders the input as a form field" time="0.096">
    </testcase>
    <testcase classname="InputField input type Button identifies fields in named forms" name="InputField input type Button identifies fields in named forms" time="0.058">
    </testcase>
    <testcase classname="InputField input type Button renders a required field" name="InputField input type Button renders a required field" time="0.085">
    </testcase>
    <testcase classname="InputField input type Button renders a required and empty field" name="InputField input type Button renders a required and empty field" time="0.077">
    </testcase>
    <testcase classname="InputField input type Button renders a required and empty field in a named form" name="InputField input type Button renders a required and empty field in a named form" time="0.065">
    </testcase>
    <testcase classname="InputField input type Button modifies the field name if inside a list" name="InputField input type Button modifies the field name if inside a list" time="0.057">
    </testcase>
    <testcase classname="InputField input type CheckboxInput renders the input as a form field" name="InputField input type CheckboxInput renders the input as a form field" time="0.095">
    </testcase>
    <testcase classname="InputField input type CheckboxInput identifies fields in named forms" name="InputField input type CheckboxInput identifies fields in named forms" time="0.07">
    </testcase>
    <testcase classname="InputField input type CheckboxInput modifies the field name if inside a list" name="InputField input type CheckboxInput modifies the field name if inside a list" time="0.082">
    </testcase>
    <testcase classname="InputField input type DateInput renders the input as a form field" name="InputField input type DateInput renders the input as a form field" time="0.162">
    </testcase>
    <testcase classname="InputField input type DateInput identifies fields in named forms" name="InputField input type DateInput identifies fields in named forms" time="0.115">
    </testcase>
    <testcase classname="InputField input type DateInput renders a required field" name="InputField input type DateInput renders a required field" time="0.14">
    </testcase>
    <testcase classname="InputField input type DateInput renders a required and empty field" name="InputField input type DateInput renders a required and empty field" time="0.118">
    </testcase>
    <testcase classname="InputField input type DateInput renders a required and empty field in a named form" name="InputField input type DateInput renders a required and empty field in a named form" time="0.137">
    </testcase>
    <testcase classname="InputField input type DateInput modifies the field name if inside a list" name="InputField input type DateInput modifies the field name if inside a list" time="0.107">
    </testcase>
    <testcase classname="InputField input type EmailInput renders the input as a form field" name="InputField input type EmailInput renders the input as a form field" time="0.07">
    </testcase>
    <testcase classname="InputField input type EmailInput identifies fields in named forms" name="InputField input type EmailInput identifies fields in named forms" time="0.051">
    </testcase>
    <testcase classname="InputField input type EmailInput renders a required field" name="InputField input type EmailInput renders a required field" time="0.072">
    </testcase>
    <testcase classname="InputField input type EmailInput renders a required and empty field" name="InputField input type EmailInput renders a required and empty field" time="0.079">
    </testcase>
    <testcase classname="InputField input type EmailInput renders a required and empty field in a named form" name="InputField input type EmailInput renders a required and empty field in a named form" time="0.104">
    </testcase>
    <testcase classname="InputField input type EmailInput modifies the field name if inside a list" name="InputField input type EmailInput modifies the field name if inside a list" time="0.062">
    </testcase>
    <testcase classname="InputField input type LineLabel renders the input as a form field" name="InputField input type LineLabel renders the input as a form field" time="0.056">
    </testcase>
    <testcase classname="InputField input type LineLabel identifies fields in named forms" name="InputField input type LineLabel identifies fields in named forms" time="0.052">
    </testcase>
    <testcase classname="InputField input type LineLabel modifies the field name if inside a list" name="InputField input type LineLabel modifies the field name if inside a list" time="0.056">
    </testcase>
    <testcase classname="InputField input type MultiSelector renders the input as a form field" name="InputField input type MultiSelector renders the input as a form field" time="0.197">
    </testcase>
    <testcase classname="InputField input type MultiSelector identifies fields in named forms" name="InputField input type MultiSelector identifies fields in named forms" time="0.167">
    </testcase>
    <testcase classname="InputField input type MultiSelector renders a required field" name="InputField input type MultiSelector renders a required field" time="0.136">
    </testcase>
    <testcase classname="InputField input type MultiSelector renders a required and empty field" name="InputField input type MultiSelector renders a required and empty field" time="0.109">
    </testcase>
    <testcase classname="InputField input type MultiSelector renders a required and empty field in a named form" name="InputField input type MultiSelector renders a required and empty field in a named form" time="0.101">
    </testcase>
    <testcase classname="InputField input type MultiSelector modifies the field name if inside a list" name="InputField input type MultiSelector modifies the field name if inside a list" time="0.093">
    </testcase>
    <testcase classname="InputField input type NumberInput renders the input as a form field" name="InputField input type NumberInput renders the input as a form field" time="0.117">
    </testcase>
    <testcase classname="InputField input type NumberInput identifies fields in named forms" name="InputField input type NumberInput identifies fields in named forms" time="0.059">
    </testcase>
    <testcase classname="InputField input type NumberInput renders a required field" name="InputField input type NumberInput renders a required field" time="0.067">
    </testcase>
    <testcase classname="InputField input type NumberInput renders a required and empty field" name="InputField input type NumberInput renders a required and empty field" time="0.083">
    </testcase>
    <testcase classname="InputField input type NumberInput renders a required and empty field in a named form" name="InputField input type NumberInput renders a required and empty field in a named form" time="0.09">
    </testcase>
    <testcase classname="InputField input type NumberInput modifies the field name if inside a list" name="InputField input type NumberInput modifies the field name if inside a list" time="0.06">
    </testcase>
    <testcase classname="InputField input type ReadOnly renders the input as a form field" name="InputField input type ReadOnly renders the input as a form field" time="0.057">
    </testcase>
    <testcase classname="InputField input type ReadOnly identifies fields in named forms" name="InputField input type ReadOnly identifies fields in named forms" time="0.075">
    </testcase>
    <testcase classname="InputField input type ReadOnly modifies the field name if inside a list" name="InputField input type ReadOnly modifies the field name if inside a list" time="0.048">
    </testcase>
    <testcase classname="InputField input type Selector renders the input as a form field" name="InputField input type Selector renders the input as a form field" time="0.084">
    </testcase>
    <testcase classname="InputField input type Selector identifies fields in named forms" name="InputField input type Selector identifies fields in named forms" time="0.096">
    </testcase>
    <testcase classname="InputField input type Selector renders a required field" name="InputField input type Selector renders a required field" time="0.1">
    </testcase>
    <testcase classname="InputField input type Selector renders a required and empty field" name="InputField input type Selector renders a required and empty field" time="0.111">
    </testcase>
    <testcase classname="InputField input type Selector renders a required and empty field in a named form" name="InputField input type Selector renders a required and empty field in a named form" time="0.086">
    </testcase>
    <testcase classname="InputField input type Selector modifies the field name if inside a list" name="InputField input type Selector modifies the field name if inside a list" time="0.078">
    </testcase>
    <testcase classname="InputField input type SmallButton renders the input as a form field" name="InputField input type SmallButton renders the input as a form field" time="0.089">
    </testcase>
    <testcase classname="InputField input type SmallButton identifies fields in named forms" name="InputField input type SmallButton identifies fields in named forms" time="0.049">
    </testcase>
    <testcase classname="InputField input type SmallButton renders a required field" name="InputField input type SmallButton renders a required field" time="0.062">
    </testcase>
    <testcase classname="InputField input type SmallButton renders a required and empty field" name="InputField input type SmallButton renders a required and empty field" time="0.053">
    </testcase>
    <testcase classname="InputField input type SmallButton renders a required and empty field in a named form" name="InputField input type SmallButton renders a required and empty field in a named form" time="0.073">
    </testcase>
    <testcase classname="InputField input type SmallButton modifies the field name if inside a list" name="InputField input type SmallButton modifies the field name if inside a list" time="0.044">
    </testcase>
    <testcase classname="InputField input type SwitchInput renders the input as a form field" name="InputField input type SwitchInput renders the input as a form field" time="0.086">
    </testcase>
    <testcase classname="InputField input type SwitchInput identifies fields in named forms" name="InputField input type SwitchInput identifies fields in named forms" time="0.04">
    </testcase>
    <testcase classname="InputField input type SwitchInput modifies the field name if inside a list" name="InputField input type SwitchInput modifies the field name if inside a list" time="0.046">
    </testcase>
    <testcase classname="InputField input type TextInput renders the input as a form field" name="InputField input type TextInput renders the input as a form field" time="0.049">
    </testcase>
    <testcase classname="InputField input type TextInput identifies fields in named forms" name="InputField input type TextInput identifies fields in named forms" time="0.04">
    </testcase>
    <testcase classname="InputField input type TextInput renders a required field" name="InputField input type TextInput renders a required field" time="0.056">
    </testcase>
    <testcase classname="InputField input type TextInput renders a required and empty field" name="InputField input type TextInput renders a required and empty field" time="0.05">
    </testcase>
    <testcase classname="InputField input type TextInput renders a required and empty field in a named form" name="InputField input type TextInput renders a required and empty field in a named form" time="0.051">
    </testcase>
    <testcase classname="InputField input type TextInput modifies the field name if inside a list" name="InputField input type TextInput modifies the field name if inside a list" time="0.044">
    </testcase>
    <testcase classname="InputField input type TimeInput renders the input as a form field" name="InputField input type TimeInput renders the input as a form field" time="0.092">
    </testcase>
    <testcase classname="InputField input type TimeInput identifies fields in named forms" name="InputField input type TimeInput identifies fields in named forms" time="0.047">
    </testcase>
    <testcase classname="InputField input type TimeInput renders a required field" name="InputField input type TimeInput renders a required field" time="0.068">
    </testcase>
    <testcase classname="InputField input type TimeInput renders a required and empty field" name="InputField input type TimeInput renders a required and empty field" time="0.061">
    </testcase>
    <testcase classname="InputField input type TimeInput renders a required and empty field in a named form" name="InputField input type TimeInput renders a required and empty field in a named form" time="0.084">
    </testcase>
    <testcase classname="InputField input type TimeInput modifies the field name if inside a list" name="InputField input type TimeInput modifies the field name if inside a list" time="0.043">
    </testcase>
    <testcase classname="InputField input type TranslationInput renders the input as a form field" name="InputField input type TranslationInput renders the input as a form field" time="0.148">
    </testcase>
    <testcase classname="InputField input type TranslationInput identifies fields in named forms" name="InputField input type TranslationInput identifies fields in named forms" time="0.057">
    </testcase>
    <testcase classname="InputField input type TranslationInput renders a required field" name="InputField input type TranslationInput renders a required field" time="0.077">
    </testcase>
    <testcase classname="InputField input type TranslationInput renders a required and empty field" name="InputField input type TranslationInput renders a required and empty field" time="0.065">
    </testcase>
    <testcase classname="InputField input type TranslationInput renders a required and empty field in a named form" name="InputField input type TranslationInput renders a required and empty field in a named form" time="0.091">
    </testcase>
    <testcase classname="InputField input type TranslationInput modifies the field name if inside a list" name="InputField input type TranslationInput modifies the field name if inside a list" time="0.082">
    </testcase>
  </testsuite>
  <testsuite name="FormPage" errors="0" failures="0" skipped="0" timestamp="2021-07-22T19:29:13" time="11.268" tests="3">
    <testcase classname="FormPage renders a form with a single field" name="FormPage renders a form with a single field" time="0.097">
    </testcase>
    <testcase classname="FormPage still respects &apos;wide&apos; flag" name="FormPage still respects &apos;wide&apos; flag" time="0.052">
    </testcase>
    <testcase classname="FormPage renders a form with a multiple fields" name="FormPage renders a form with a multiple fields" time="0.372">
    </testcase>
  </testsuite>
  <testsuite name="FieldList" errors="0" failures="0" skipped="0" timestamp="2021-07-22T19:29:13" time="12.949" tests="11">
    <testcase classname="FieldList renders a minimal fixed-length list" name="FieldList renders a minimal fixed-length list" time="0.139">
    </testcase>
    <testcase classname="FieldList renders an empty fixed-length list" name="FieldList renders an empty fixed-length list" time="0.021">
    </testcase>
    <testcase classname="FieldList renders a fixed-length list with static values" name="FieldList renders a fixed-length list with static values" time="0.113">
    </testcase>
    <testcase classname="FieldList renders a fixed-length list with tall rows" name="FieldList renders a fixed-length list with tall rows" time="0.114">
    </testcase>
    <testcase classname="FieldList can edit values" name="FieldList can edit values" time="0.082">
    </testcase>
    <testcase classname="FieldList renders a minimal variable-length list" name="FieldList renders a minimal variable-length list" time="0.072">
    </testcase>
    <testcase classname="FieldList renders a variable-length list, with values and row addition" name="FieldList renders a variable-length list, with values and row addition" time="0.606">
    </testcase>
    <testcase classname="FieldList can delete rows" name="FieldList can delete rows" time="0.059">
    </testcase>
    <testcase classname="FieldList will not render inside another list" name="FieldList will not render inside another list" time="0.009">
    </testcase>
    <testcase classname="List sets layout for fieldboxes under it" name="List sets layout for fieldboxes under it" time="0.003">
    </testcase>
    <testcase classname="List sets layout for fieldboxes under it with tall rows" name="List sets layout for fieldboxes under it with tall rows" time="0.003">
    </testcase>
  </testsuite>
  <testsuite name="Topbar" errors="0" failures="0" skipped="0" timestamp="2021-07-22T19:29:24" time="3.566" tests="5">
    <testcase classname="Topbar renders a top bar of an app" name="Topbar renders a top bar of an app" time="0.162">
    </testcase>
    <testcase classname="Topbar doesn&apos;t break if no current app" name="Topbar doesn&apos;t break if no current app" time="0.058">
    </testcase>
    <testcase classname="Topbar doesn&apos;t break if no apps at all" name="Topbar doesn&apos;t break if no apps at all" time="0.046">
    </testcase>
    <testcase classname="useMenuProps sets a menu configuration on the wrapped component" name="useMenuProps sets a menu configuration on the wrapped component" time="0.083">
    </testcase>
    <testcase classname="CurrentApp renders the app logo and name" name="CurrentApp renders the app logo and name" time="0.029">
    </testcase>
  </testsuite>
  <testsuite name="useEditState" errors="0" failures="0" skipped="0" timestamp="2021-07-22T19:28:52" time="36.577" tests="54">
    <testcase classname="useEditState Provides an access to initial value in edit view" name="useEditState Provides an access to initial value in edit view" time="0.211">
    </testcase>
    <testcase classname="useEditState Provides an access to actual value in edit view" name="useEditState Provides an access to actual value in edit view" time="0.024">
    </testcase>
    <testcase classname="useEditState Sets initial value to empty string as default value" name="useEditState Sets initial value to empty string as default value" time="0.013">
    </testcase>
    <testcase classname="useEditState Not saves initial value to edit state if saveInitialValueToEditState is false" name="useEditState Not saves initial value to edit state if saveInitialValueToEditState is false" time="0.016">
    </testcase>
    <testcase classname="useEditState Saves initial value to edit state if saveInitialValueToEditState is false" name="useEditState Saves initial value to edit state if saveInitialValueToEditState is false" time="0.024">
    </testcase>
    <testcase classname="useEditState Not validates initial value to edit state if validateInitialValueAfterSave is false" name="useEditState Not validates initial value to edit state if validateInitialValueAfterSave is false" time="0.016">
    </testcase>
    <testcase classname="useEditState Do not save initial value to edit state if saveInitialValueToEditState is a function that returns false" name="useEditState Do not save initial value to edit state if saveInitialValueToEditState is a function that returns false" time="0.017">
    </testcase>
    <testcase classname="useEditState Save initial value to edit state if saveInitialValueToEditState is a function that returns true" name="useEditState Save initial value to edit state if saveInitialValueToEditState is a function that returns true" time="0.02">
    </testcase>
    <testcase classname="useEditState Save initial value to edit state with the modified value if saveInitialValueToEditState is a function that returns true" name="useEditState Save initial value to edit state with the modified value if saveInitialValueToEditState is a function that returns true" time="0.018">
    </testcase>
    <testcase classname="useEditState Validates initial value to edit state if validateInitialValueAfterSave is true without error" name="useEditState Validates initial value to edit state if validateInitialValueAfterSave is true without error" time="0.022">
    </testcase>
    <testcase classname="useEditState Validates initial value to edit state if validateInitialValueAfterSave is true with error" name="useEditState Validates initial value to edit state if validateInitialValueAfterSave is true with error" time="0.017">
    </testcase>
    <testcase classname="useEditState Updates edit view value correctly without validation" name="useEditState Updates edit view value correctly without validation" time="0.22">
    </testcase>
    <testcase classname="useEditState Updates edit view value correctly with default validation rules when validation was passed" name="useEditState Updates edit view value correctly with default validation rules when validation was passed" time="0.267">
    </testcase>
    <testcase classname="useEditState Updates edit view value correctly and generate error with dependencies" name="useEditState Updates edit view value correctly and generate error with dependencies" time="0.206">
    </testcase>
    <testcase classname="useEditState Updates edit view value correctly and generate error with field dependencies" name="useEditState Updates edit view value correctly and generate error with field dependencies" time="0.192">
    </testcase>
    <testcase classname="useEditState Updates edit view value correctly when no validation rules are set" name="useEditState Updates edit view value correctly when no validation rules are set" time="0.112">
    </testcase>
    <testcase classname="useEditState Updates edit view value correctly with default validation rules when validation was not passed" name="useEditState Updates edit view value correctly with default validation rules when validation was not passed" time="0.231">
    </testcase>
    <testcase classname="useEditState Updates edit view value correctly with custom validation rules when validation was passed" name="useEditState Updates edit view value correctly with custom validation rules when validation was passed" time="0.09">
    </testcase>
    <testcase classname="useEditState Updates edit view value correctly with custom validation rules when validation was not passed" name="useEditState Updates edit view value correctly with custom validation rules when validation was not passed" time="0.166">
    </testcase>
    <testcase classname="useEditState Resets correctly edit view field to the initial value" name="useEditState Resets correctly edit view field to the initial value" time="0.016">
    </testcase>
    <testcase classname="useEditState Validates edit state value correctly" name="useEditState Validates edit state value correctly" time="0.016">
    </testcase>
    <testcase classname="useDynamicEditState Provides an access to initial value in edit view" name="useDynamicEditState Provides an access to initial value in edit view" time="0.036">
    </testcase>
    <testcase classname="useDynamicEditState Provides an access to value in edit view if has modifications" name="useDynamicEditState Provides an access to value in edit view if has modifications" time="0.02">
    </testcase>
    <testcase classname="useDynamicEditState Provides an access to field by path in edit view" name="useDynamicEditState Provides an access to field by path in edit view" time="0.021">
    </testcase>
    <testcase classname="useDynamicEditState Provides an access to actual value in edit view" name="useDynamicEditState Provides an access to actual value in edit view" time="0.027">
    </testcase>
    <testcase classname="useDynamicEditState Provides an access to full edit state" name="useDynamicEditState Provides an access to full edit state" time="0.02">
    </testcase>
    <testcase classname="useDynamicEditState Provides an access to full edit state by path" name="useDynamicEditState Provides an access to full edit state by path" time="0.02">
    </testcase>
    <testcase classname="useDynamicEditState Sets initial value to empty string as default value" name="useDynamicEditState Sets initial value to empty string as default value" time="0.025">
    </testcase>
    <testcase classname="useDynamicEditState Not saves initial value to edit state if saveInitialValueToEditState is false" name="useDynamicEditState Not saves initial value to edit state if saveInitialValueToEditState is false" time="0.482">
    </testcase>
    <testcase classname="useDynamicEditState Saves initial value to edit state if saveInitialValueToEditState is true" name="useDynamicEditState Saves initial value to edit state if saveInitialValueToEditState is true" time="0.482">
    </testcase>
    <testcase classname="useDynamicEditState Updates edit view value correctly without validation" name="useDynamicEditState Updates edit view value correctly without validation" time="0.416">
    </testcase>
    <testcase classname="useDynamicEditState Updates edit view value correctly without validation if has modifications" name="useDynamicEditState Updates edit view value correctly without validation if has modifications" time="0.562">
    </testcase>
    <testcase classname="useDynamicEditState Updates edit view value correctly when no path was passed" name="useDynamicEditState Updates edit view value correctly when no path was passed" time="0.447">
    </testcase>
    <testcase classname="useDynamicEditState Updates edit view value correctly with default validation rules when validation was passed" name="useDynamicEditState Updates edit view value correctly with default validation rules when validation was passed" time="0.928">
    </testcase>
    <testcase classname="useDynamicEditState Updates edit view value correctly with default validation rules when validation was not passed" name="useDynamicEditState Updates edit view value correctly with default validation rules when validation was not passed" time="0.941">
    </testcase>
    <testcase classname="useDynamicEditState Updates edit view value correctly with custom validation rules when validation was passed" name="useDynamicEditState Updates edit view value correctly with custom validation rules when validation was passed" time="1.041">
    </testcase>
    <testcase classname="useDynamicEditState Updates edit view value correctly with custom validation rules when validation was not passed" name="useDynamicEditState Updates edit view value correctly with custom validation rules when validation was not passed" time="1">
    </testcase>
    <testcase classname="useDynamicEditState Resets correctly edit view field to the initial value" name="useDynamicEditState Resets correctly edit view field to the initial value" time="0.561">
    </testcase>
    <testcase classname="useDynamicEditState Resets correctly edit view field to the initial value when no path passed" name="useDynamicEditState Resets correctly edit view field to the initial value when no path passed" time="0.447">
    </testcase>
    <testcase classname="useDynamicEditState Validates edit state value correctly" name="useDynamicEditState Validates edit state value correctly" time="0.471">
    </testcase>
    <testcase classname="useDynamicEditState Validates edit state value correctly when no path passed" name="useDynamicEditState Validates edit state value correctly when no path passed" time="0.289">
    </testcase>
    <testcase classname="useDynamicEditState Gets error by path" name="useDynamicEditState Gets error by path" time="0.017">
    </testcase>
    <testcase classname="useDynamicEditState Gets error without path" name="useDynamicEditState Gets error without path" time="0.02">
    </testcase>
    <testcase classname="useDynamicEditState Gets error on the top level" name="useDynamicEditState Gets error on the top level" time="0.042">
    </testcase>
    <testcase classname="useDynamicEditState Updates edit view value correctly with custom validation rules and dependencies when validation was passed" name="useDynamicEditState Updates edit view value correctly with custom validation rules and dependencies when validation was passed" time="1.383">
    </testcase>
    <testcase classname="useDynamicEditState Updates edit view value correctly with custom validation rules and dependencies when validation was not passed" name="useDynamicEditState Updates edit view value correctly with custom validation rules and dependencies when validation was not passed" time="1.493">
    </testcase>
    <testcase classname="useDynamicEditState Validates edit state value correctly when it is not an object" name="useDynamicEditState Validates edit state value correctly when it is not an object" time="1.168">
    </testcase>
    <testcase classname="useDynamicEditState Validates edit state value correctly when it is an array" name="useDynamicEditState Validates edit state value correctly when it is an array" time="0.958">
    </testcase>
    <testcase classname="useDynamicEditState Validates edit state value correctly when it is an object and reset error" name="useDynamicEditState Validates edit state value correctly when it is an object and reset error" time="1.784">
    </testcase>
    <testcase classname="useDynamicEditState Delete value in edit view by path" name="useDynamicEditState Delete value in edit view by path" time="0.605">
    </testcase>
    <testcase classname="useDynamicEditState Delete value in edit view by path when value is object" name="useDynamicEditState Delete value in edit view by path when value is object" time="0.63">
    </testcase>
    <testcase classname="useDynamicEditState Delete value in edit view by path when value is array" name="useDynamicEditState Delete value in edit view by path when value is array" time="0.589">
    </testcase>
    <testcase classname="useDynamicEditState Delete value by top path" name="useDynamicEditState Delete value by top path" time="0.393">
    </testcase>
    <testcase classname="useDynamicEditState Delete value in edit view with no path" name="useDynamicEditState Delete value in edit view with no path" time="0.205">
    </testcase>
  </testsuite>
  <testsuite name="TabBar" errors="0" failures="0" skipped="0" timestamp="2021-07-22T19:29:21" time="7.305" tests="17">
    <testcase classname="TabBar Renders TabBar correctly" name="TabBar Renders TabBar correctly" time="0.79">
    </testcase>
    <testcase classname="TabBar Renders TabBar correctly with closing tab handler" name="TabBar Renders TabBar correctly with closing tab handler" time="0.475">
    </testcase>
    <testcase classname="TabBar Contains proper Select and Modal elements when they are visible" name="TabBar Contains proper Select and Modal elements when they are visible" time="0.869">
    </testcase>
    <testcase classname="TabBar Calls history.push to module link when module tab is clicked" name="TabBar Calls history.push to module link when module tab is clicked" time="0.243">
    </testcase>
    <testcase classname="TabBar Calls history.push to page link when page tab is clicked" name="TabBar Calls history.push to page link when page tab is clicked" time="0.246">
    </testcase>
    <testcase classname="TabBar Calls history.push to page link when page tab is selected via Select" name="TabBar Calls history.push to page link when page tab is selected via Select" time="0.251">
    </testcase>
    <testcase classname="TabBar Calls correct close callback when close icon for specific page tab is clicked and tab was not modified" name="TabBar Calls correct close callback when close icon for specific page tab is clicked and tab was not modified" time="0.208">
    </testcase>
    <testcase classname="TabBar Calls correct close callback when close icon for specific page tab with multiple params is clicked and tab was not modified" name="TabBar Calls correct close callback when close icon for specific page tab with multiple params is clicked and tab was not modified" time="0.176">
    </testcase>
    <testcase classname="TabBar Calls correct close callback when close icon for specific page tab is clicked and tab was modified" name="TabBar Calls correct close callback when close icon for specific page tab is clicked and tab was modified" time="0.193">
    </testcase>
    <testcase classname="TabBar Calls correct close callback when close icon for specific page tab with multiple params is clicked and tab was modified" name="TabBar Calls correct close callback when close icon for specific page tab with multiple params is clicked and tab was modified" time="0.168">
    </testcase>
    <testcase classname="TabBar Handles onResize correct when isScrollVisible returns false" name="TabBar Handles onResize correct when isScrollVisible returns false" time="0.087">
    </testcase>
    <testcase classname="TabBar Handles onResize correct when isScrollVisible returns true" name="TabBar Handles onResize correct when isScrollVisible returns true" time="0.12">
    </testcase>
    <testcase classname="TabBar Closes tab when ok callback in confirmation modal is triggered" name="TabBar Closes tab when ok callback in confirmation modal is triggered" time="0.239">
    </testcase>
    <testcase classname="TabBar Closes confirmation modal when cancelCallback is triggered" name="TabBar Closes confirmation modal when cancelCallback is triggered" time="0.236">
    </testcase>
    <testcase classname="TabBar Closes confirmation modal when backdropClickCallback is triggered" name="TabBar Closes confirmation modal when backdropClickCallback is triggered" time="0.214">
    </testcase>
    <testcase classname="TabBar Remove edit mode for new tab with modifications when close ok callback in confirmation modal is triggered" name="TabBar Remove edit mode for new tab with modifications when close ok callback in confirmation modal is triggered" time="0.218">
    </testcase>
    <testcase classname="TabLink Renders TabLink correctly" name="TabLink Renders TabLink correctly" time="0.018">
    </testcase>
  </testsuite>
  <testsuite name="Time Component" errors="0" failures="0" skipped="0" timestamp="2021-07-22T19:29:21" time="7.584" tests="40">
    <testcase classname="Time Component sets up a time 5am" name="Time Component sets up a time 5am" time="0.478">
    </testcase>
    <testcase classname="Time Component sets up a time 5am without AMPM" name="Time Component sets up a time 5am without AMPM" time="0.313">
    </testcase>
    <testcase classname="Time Component sets up a time now when no value without AMPM" name="Time Component sets up a time now when no value without AMPM" time="0.237">
    </testcase>
    <testcase classname="Time Component sets up a time now when no value" name="Time Component sets up a time now when no value" time="0.231">
    </testcase>
    <testcase classname="Time Component sets up a time now when no value without AMPM" name="Time Component sets up a time now when no value without AMPM" time="0.194">
    </testcase>
    <testcase classname="Time Component sets up a time now when we have a bad value" name="Time Component sets up a time now when we have a bad value" time="0.196">
    </testcase>
    <testcase classname="Time Component sets up a time now when we have a bad value withou AMPM" name="Time Component sets up a time now when we have a bad value withou AMPM" time="0.156">
    </testcase>
    <testcase classname="Time Component sets up a time 5pm" name="Time Component sets up a time 5pm" time="0.176">
    </testcase>
    <testcase classname="Time Component sets up a time 5pm without AMPM" name="Time Component sets up a time 5pm without AMPM" time="0.164">
    </testcase>
    <testcase classname="Time Component sets up a time 515pm" name="Time Component sets up a time 515pm" time="0.144">
    </testcase>
    <testcase classname="Time Component sets up a time 515pm without AMPM" name="Time Component sets up a time 515pm without AMPM" time="0.155">
    </testcase>
    <testcase classname="Time Component sets up a time 545pm" name="Time Component sets up a time 545pm" time="0.141">
    </testcase>
    <testcase classname="Time Component sets up a time 545pm without AMPM" name="Time Component sets up a time 545pm without AMPM" time="0.135">
    </testcase>
    <testcase classname="Time Component sets up a time 12am" name="Time Component sets up a time 12am" time="0.155">
    </testcase>
    <testcase classname="Time Component sets up a time 12am without AMPM" name="Time Component sets up a time 12am without AMPM" time="0.163">
    </testcase>
    <testcase classname="Time Component sets up a time 12pm" name="Time Component sets up a time 12pm" time="0.141">
    </testcase>
    <testcase classname="Time Component sets up a time 12pm without AMPM" name="Time Component sets up a time 12pm without AMPM" time="0.132">
    </testcase>
    <testcase classname="Time Component sets up a time 4:16pm" name="Time Component sets up a time 4:16pm" time="0.12">
    </testcase>
    <testcase classname="Time Component sets up a time 4:16pm without AMPM" name="Time Component sets up a time 4:16pm without AMPM" time="0.134">
    </testcase>
    <testcase classname="Time Component sets up a time 4:31pm" name="Time Component sets up a time 4:31pm" time="0.152">
    </testcase>
    <testcase classname="Time Component sets up a time 4:31pm without AMPM" name="Time Component sets up a time 4:31pm without AMPM" time="0.147">
    </testcase>
    <testcase classname="Time Component sets up a time 4:20pm" name="Time Component sets up a time 4:20pm" time="0.122">
    </testcase>
    <testcase classname="Time Component sets up a time 4:20pm without AMPM" name="Time Component sets up a time 4:20pm without AMPM" time="0.132">
    </testcase>
    <testcase classname="Time Component sets up a time 4:50pm" name="Time Component sets up a time 4:50pm" time="0.142">
    </testcase>
    <testcase classname="Time Component sets up a time 4:50pm without AMPM" name="Time Component sets up a time 4:50pm without AMPM" time="0.112">
    </testcase>
    <testcase classname="Time Component shows timezone if requested" name="Time Component shows timezone if requested" time="0.176">
    </testcase>
    <testcase classname="Time Component shows timezone if requested without AMPM" name="Time Component shows timezone if requested without AMPM" time="0.126">
    </testcase>
    <testcase classname="Time Component shows local timezone if requested without AMPM" name="Time Component shows local timezone if requested without AMPM" time="0.167">
    </testcase>
    <testcase classname="Time Component shows local timezone if requested without AMPM" name="Time Component shows local timezone if requested without AMPM" time="0.123">
    </testcase>
    <testcase classname="Time Component should render with browser AMPM" name="Time Component should render with browser AMPM" time="0.093">
    </testcase>
    <testcase classname="Time Component should update time with 12am" name="Time Component should update time with 12am" time="0.043">
    </testcase>
    <testcase classname="Time Component should update time with 12pm" name="Time Component should update time with 12pm" time="0.035">
    </testcase>
    <testcase classname="Time Component should update time without AMPM" name="Time Component should update time without AMPM" time="0.04">
    </testcase>
    <testcase classname="Time Component should update when 12" name="Time Component should update when 12" time="0.04">
    </testcase>
    <testcase classname="Time Component should update in AM when 12" name="Time Component should update in AM when 12" time="0.044">
    </testcase>
    <testcase classname="Time Component should update in PM when hours 12" name="Time Component should update in PM when hours 12" time="0.034">
    </testcase>
    <testcase classname="Time Component should update when no onchange" name="Time Component should update when no onchange" time="0.036">
    </testcase>
    <testcase classname="Time Component should update when mins &gt;= 45" name="Time Component should update when mins &gt;= 45" time="0.045">
    </testcase>
    <testcase classname="Time Component should update when mins &gt;= 15 and &lt; 30" name="Time Component should update when mins &gt;= 15 and &lt; 30" time="0.029">
    </testcase>
    <testcase classname="Time Component should call onChange prop" name="Time Component should call onChange prop" time="0.048">
    </testcase>
  </testsuite>
  <testsuite name="ScopeTreeView" errors="0" failures="0" skipped="0" timestamp="2021-07-22T19:29:25" time="4.537" tests="6">
    <testcase classname="ScopeTreeView Renders ScopeTreeView correctly with existing scopes ids" name="ScopeTreeView Renders ScopeTreeView correctly with existing scopes ids" time="0.629">
    </testcase>
    <testcase classname="ScopeTreeView Renders ScopeTreeView correctly with non existing scope id" name="ScopeTreeView Renders ScopeTreeView correctly with non existing scope id" time="0.017">
    </testcase>
    <testcase classname="ScopeTreeView Renders ScopeTreeView correctly with non existing selected" name="ScopeTreeView Renders ScopeTreeView correctly with non existing selected" time="0.135">
    </testcase>
    <testcase classname="ScopeTreeView Handles onNodeToggle correctly" name="ScopeTreeView Handles onNodeToggle correctly" time="0.472">
    </testcase>
    <testcase classname="ScopeTreeView Handles multiple select correctly" name="ScopeTreeView Handles multiple select correctly" time="0.613">
    </testcase>
    <testcase classname="ScopeTreeView Handles single select correctly" name="ScopeTreeView Handles single select correctly" time="0.353">
    </testcase>
  </testsuite>
  <testsuite name="ScopeBar" errors="0" failures="0" skipped="0" timestamp="2021-07-22T19:29:26" time="4.474" tests="11">
    <testcase classname="ScopeBar renders the button to show the scope dialog when scope selector is closed" name="ScopeBar renders the button to show the scope dialog when scope selector is closed" time="0.121">
    </testcase>
    <testcase classname="ScopeBar renders the disabled scope button " name="ScopeBar renders the disabled scope button " time="0.044">
    </testcase>
    <testcase classname="ScopeBar renders the button to show the scope dialog when scope selector is opened" name="ScopeBar renders the button to show the scope dialog when scope selector is opened" time="0.054">
    </testcase>
    <testcase classname="ScopeBar Calles passed updateViewState even on click" name="ScopeBar Calles passed updateViewState even on click" time="0.118">
    </testcase>
    <testcase classname="Scope renders a scope bar, selector panel with handlers, and viewport" name="Scope renders a scope bar, selector panel with handlers, and viewport" time="0.666">
    </testcase>
    <testcase classname="Scope Updates show to false in view state when close selector is called" name="Scope Updates show to false in view state when close selector is called" time="0.09">
    </testcase>
    <testcase classname="Scope resets the scope tree state when closing, to ensure current scope is visible" name="Scope resets the scope tree state when closing, to ensure current scope is visible" time="0.142">
    </testcase>
    <testcase classname="Scope defaults to not showing the selector" name="Scope defaults to not showing the selector" time="0.096">
    </testcase>
    <testcase classname="RoutedScope renders within a matched route" name="RoutedScope renders within a matched route" time="0.148">
    </testcase>
    <testcase classname="RoutedScope redirects to Global if route not matched" name="RoutedScope redirects to Global if route not matched" time="0.098">
    </testcase>
    <testcase classname="RoutedScope redirects to default scope if route not matched" name="RoutedScope redirects to default scope if route not matched" time="0.068">
    </testcase>
  </testsuite>
  <testsuite name="useMultipleFieldEditState" errors="0" failures="0" skipped="0" timestamp="2021-07-22T19:29:25" time="6.55" tests="37">
    <testcase classname="useMultipleFieldEditState Provides an access to initial value in edit view for field #id1-prop1-field" name="useMultipleFieldEditState Provides an access to initial value in edit view for field #id1-prop1-field" time="0.126">
    </testcase>
    <testcase classname="useMultipleFieldEditState Provides an access to initial value in edit view for field #id1-prop2-field" name="useMultipleFieldEditState Provides an access to initial value in edit view for field #id1-prop2-field" time="0.024">
    </testcase>
    <testcase classname="useMultipleFieldEditState Provides an access to initial value in edit view for field #id2-prop1-field" name="useMultipleFieldEditState Provides an access to initial value in edit view for field #id2-prop1-field" time="0.023">
    </testcase>
    <testcase classname="useMultipleFieldEditState Provides an access to initial value in edit view for field #id2-prop2-field" name="useMultipleFieldEditState Provides an access to initial value in edit view for field #id2-prop2-field" time="0.028">
    </testcase>
    <testcase classname="useMultipleFieldEditState Provides an access to actual value in edit view for field #id1-prop1-field" name="useMultipleFieldEditState Provides an access to actual value in edit view for field #id1-prop1-field" time="0.024">
    </testcase>
    <testcase classname="useMultipleFieldEditState Provides an access to actual value in edit view for field #id1-prop2-field" name="useMultipleFieldEditState Provides an access to actual value in edit view for field #id1-prop2-field" time="0.029">
    </testcase>
    <testcase classname="useMultipleFieldEditState Provides an access to actual value in edit view for field #id2-prop1-field" name="useMultipleFieldEditState Provides an access to actual value in edit view for field #id2-prop1-field" time="0.021">
    </testcase>
    <testcase classname="useMultipleFieldEditState Provides an access to actual value in edit view for field #id2-prop2-field" name="useMultipleFieldEditState Provides an access to actual value in edit view for field #id2-prop2-field" time="0.03">
    </testcase>
    <testcase classname="useMultipleFieldEditState Sets initial value to empty string as default value field #emptyValues-prop1-field" name="useMultipleFieldEditState Sets initial value to empty string as default value field #emptyValues-prop1-field" time="0.034">
    </testcase>
    <testcase classname="useMultipleFieldEditState Sets initial value to empty string as default value field #emptyValues-prop2-field" name="useMultipleFieldEditState Sets initial value to empty string as default value field #emptyValues-prop2-field" time="0.025">
    </testcase>
    <testcase classname="useMultipleFieldEditState Updates edit view value correctly without validation for field id1 prop2" name="useMultipleFieldEditState Updates edit view value correctly without validation for field id1 prop2" time="0.046">
    </testcase>
    <testcase classname="useMultipleFieldEditState Updates edit view value correctly without validation for field id2 prop2" name="useMultipleFieldEditState Updates edit view value correctly without validation for field id2 prop2" time="0.036">
    </testcase>
    <testcase classname="useMultipleFieldEditState Updates edit view value correctly without validation for field emptyValues prop2" name="useMultipleFieldEditState Updates edit view value correctly without validation for field emptyValues prop2" time="0.029">
    </testcase>
    <testcase classname="useMultipleFieldEditState Updates edit view value correctly with default validation rules when validation was passed for field id1 prop1" name="useMultipleFieldEditState Updates edit view value correctly with default validation rules when validation was passed for field id1 prop1" time="0.309">
    </testcase>
    <testcase classname="useMultipleFieldEditState Updates edit view value correctly with default validation rules when validation was passed for field id2 prop1" name="useMultipleFieldEditState Updates edit view value correctly with default validation rules when validation was passed for field id2 prop1" time="0.277">
    </testcase>
    <testcase classname="useMultipleFieldEditState Updates edit view value correctly with default validation rules when validation was passed for field emptyValues prop1" name="useMultipleFieldEditState Updates edit view value correctly with default validation rules when validation was passed for field emptyValues prop1" time="0.264">
    </testcase>
    <testcase classname="useMultipleFieldEditState Updates edit view value correctly when no validation rules are set for field id1 prop2" name="useMultipleFieldEditState Updates edit view value correctly when no validation rules are set for field id1 prop2" time="0.165">
    </testcase>
    <testcase classname="useMultipleFieldEditState Updates edit view value correctly when no validation rules are set for field id2 prop2" name="useMultipleFieldEditState Updates edit view value correctly when no validation rules are set for field id2 prop2" time="0.099">
    </testcase>
    <testcase classname="useMultipleFieldEditState Updates edit view value correctly when no validation rules are set for field emptyValues prop2" name="useMultipleFieldEditState Updates edit view value correctly when no validation rules are set for field emptyValues prop2" time="0.114">
    </testcase>
    <testcase classname="useMultipleFieldEditState Updates edit view value correctly with required value validation rules when validation was not successful for field id1 prop1" name="useMultipleFieldEditState Updates edit view value correctly with required value validation rules when validation was not successful for field id1 prop1" time="0.32">
    </testcase>
    <testcase classname="useMultipleFieldEditState Updates edit view value correctly with required value validation rules when validation was not successful for field id2 prop1" name="useMultipleFieldEditState Updates edit view value correctly with required value validation rules when validation was not successful for field id2 prop1" time="0.37">
    </testcase>
    <testcase classname="useMultipleFieldEditState Updates edit view value correctly with required value validation rules when validation was not successful for field emptyValues prop1" name="useMultipleFieldEditState Updates edit view value correctly with required value validation rules when validation was not successful for field emptyValues prop1" time="0.391">
    </testcase>
    <testcase classname="useMultipleFieldEditState Updates edit view value correctly with custom validation rules when validation was passed for field id1 prop1" name="useMultipleFieldEditState Updates edit view value correctly with custom validation rules when validation was passed for field id1 prop1" time="0.115">
    </testcase>
    <testcase classname="useMultipleFieldEditState Updates edit view value correctly with custom validation rules when validation was passed for field id2 prop1" name="useMultipleFieldEditState Updates edit view value correctly with custom validation rules when validation was passed for field id2 prop1" time="0.212">
    </testcase>
    <testcase classname="useMultipleFieldEditState Updates edit view value correctly with custom validation rules when validation was passed for field emptyValues prop1" name="useMultipleFieldEditState Updates edit view value correctly with custom validation rules when validation was passed for field emptyValues prop1" time="0.167">
    </testcase>
    <testcase classname="useMultipleFieldEditState Updates edit view value correctly with custom validation rules when validation was not passed" name="useMultipleFieldEditState Updates edit view value correctly with custom validation rules when validation was not passed" time="0.224">
    </testcase>
    <testcase classname="useMultipleFieldEditState Resets correctly edit view field to the initial value field id1 prop1" name="useMultipleFieldEditState Resets correctly edit view field to the initial value field id1 prop1" time="0.035">
    </testcase>
    <testcase classname="useMultipleFieldEditState Resets correctly edit view field to the initial value field id1 prop2" name="useMultipleFieldEditState Resets correctly edit view field to the initial value field id1 prop2" time="0.032">
    </testcase>
    <testcase classname="useMultipleFieldEditState Validates edit state value correctly id1 prop1" name="useMultipleFieldEditState Validates edit state value correctly id1 prop1" time="0.026">
    </testcase>
    <testcase classname="useMultipleFieldEditState Validates edit state value correctly id2 prop1" name="useMultipleFieldEditState Validates edit state value correctly id2 prop1" time="0.027">
    </testcase>
    <testcase classname="useMultipleFieldEditState Validates edit state value correctly emptyValues prop1" name="useMultipleFieldEditState Validates edit state value correctly emptyValues prop1" time="0.096">
    </testcase>
    <testcase classname="useMultipleFieldEditState Uses empty value when property is null or undefined for field undefinedValues prop1" name="useMultipleFieldEditState Uses empty value when property is null or undefined for field undefinedValues prop1" time="0.021">
    </testcase>
    <testcase classname="useMultipleFieldEditState Uses empty value when property is null or undefined for field undefinedValues prop2" name="useMultipleFieldEditState Uses empty value when property is null or undefined for field undefinedValues prop2" time="0.023">
    </testcase>
    <testcase classname="useMultipleFieldEditState Updates edit view value correctly when hook has no additional rules for field id1 prop1" name="useMultipleFieldEditState Updates edit view value correctly when hook has no additional rules for field id1 prop1" time="0.034">
    </testcase>
    <testcase classname="useMultipleFieldEditState Updates edit view value correctly when hook has no additional rules for field id1 prop2" name="useMultipleFieldEditState Updates edit view value correctly when hook has no additional rules for field id1 prop2" time="0.039">
    </testcase>
    <testcase classname="useMultipleFieldEditState Updates edit view value correctly when hook has no additional rules for field id2 prop1" name="useMultipleFieldEditState Updates edit view value correctly when hook has no additional rules for field id2 prop1" time="0.032">
    </testcase>
    <testcase classname="useMultipleFieldEditState Updates edit view value correctly when hook has no additional rules for field id2 prop2" name="useMultipleFieldEditState Updates edit view value correctly when hook has no additional rules for field id2 prop2" time="0.021">
    </testcase>
  </testsuite>
  <testsuite name="useStyles" errors="0" failures="0" skipped="0" timestamp="2021-07-22T19:29:28" time="3.604" tests="18">
    <testcase classname="useStyles build parentInput styles as expected" name="useStyles build parentInput styles as expected" time="0.08">
    </testcase>
    <testcase classname="SearchControl Component Renders Search Control component without errors" name="SearchControl Component Renders Search Control component without errors" time="0.355">
    </testcase>
    <testcase classname="SearchControl Component Renders Search Control component without errors when searchOptions are empty" name="SearchControl Component Renders Search Control component without errors when searchOptions are empty" time="0.119">
    </testcase>
    <testcase classname="SearchControl Component Renders Search Control component without errors when searchOptions are null" name="SearchControl Component Renders Search Control component without errors when searchOptions are null" time="0.132">
    </testcase>
    <testcase classname="SearchControl Component Search Control should trigger the event when hitting Enter even without prop" name="SearchControl Component Search Control should trigger the event when hitting Enter even without prop" time="0.088">
    </testcase>
[...]
    </testcase>
    <testcase classname="isModalProps Returns false if passed value has property _isModalProps and it&apos;s false or missing" name="isModalProps Returns false if passed value has property _isModalProps and it&apos;s false or missing" time="0">
    </testcase>
  </testsuite>
  <testsuite name="getTimezones" errors="0" failures="0" skipped="0" timestamp="2021-07-22T19:30:27" time="1.263" tests="1">
    <testcase classname="getTimezones creates a RSAA to get timezones" name="getTimezones creates a RSAA to get timezones" time="0.016">
    </testcase>
  </testsuite>
  <testsuite name="Collapsable List Props" errors="0" failures="0" skipped="0" timestamp="2021-07-22T19:30:27" time="1.103" tests="7">
    <testcase classname="Collapsable List Props Contains necessary props and rules keys" name="Collapsable List Props Contains necessary props and rules keys" time="0.002">
    </testcase>
    <testcase classname="Collapsable List Props Puts keys in component props and rules map" name="Collapsable List Props Puts keys in component props and rules map" time="0.002">
    </testcase>
    <testcase classname="isCollapsableListProps Returns true if passed value is null" name="isCollapsableListProps Returns true if passed value is null" time="0">
    </testcase>
    <testcase classname="isCollapsableListProps Returns false if passed value is not object" name="isCollapsableListProps Returns false if passed value is not object" time="0.001">
    </testcase>
    <testcase classname="isCollapsableListProps Returns true if passed value type is CollapsableListProps" name="isCollapsableListProps Returns true if passed value type is CollapsableListProps" time="0">
    </testcase>
    <testcase classname="isCollapsableListProps Returns true if passed value has property _isCollapsableListProps and it&apos;s true" name="isCollapsableListProps Returns true if passed value has property _isCollapsableListProps and it&apos;s true" time="0">
    </testcase>
    <testcase classname="isCollapsableListProps Returns false if passed value has property _isChipProps and it&apos;s false or missing" name="isCollapsableListProps Returns false if passed value has property _isChipProps and it&apos;s false or missing" time="0">
    </testcase>
  </testsuite>
  <testsuite name="setModulesStructure" errors="0" failures="0" skipped="0" timestamp="2021-07-22T19:30:27" time="1.161" tests="1">
    <testcase classname="setModulesStructure creates an action object" name="setModulesStructure creates an action object" time="0.003">
    </testcase>
  </testsuite>
  <testsuite name="scopes" errors="0" failures="0" skipped="0" timestamp="2021-07-22T19:30:27" time="1.257" tests="2">
    <testcase classname="scopes behaves as a reducer should" name="scopes behaves as a reducer should" time="0.006">
    </testcase>
    <testcase classname="scopes saves a normalized index of scopes with child lists, keys all lower case" name="scopes saves a normalized index of scopes with child lists, keys all lower case" time="0.025">
    </testcase>
  </testsuite>
  <testsuite name="getVersionSelector" errors="0" failures="0" skipped="0" timestamp="2021-07-22T19:30:27" time="1.117" tests="3">
    <testcase classname="getVersionSelector gets the version of the current OCC platform" name="getVersionSelector gets the version of the current OCC platform" time="0.004">
    </testcase>
    <testcase classname="getHelpUrlDefaultSelector gets the default help URL for the OCC platform" name="getHelpUrlDefaultSelector gets the default help URL for the OCC platform" time="0.002">
    </testcase>
    <testcase classname="getApplicationHelpUrlSelector gets the default help URL for the OCC platform" name="getApplicationHelpUrlSelector gets the default help URL for the OCC platform" time="0.002">
    </testcase>
  </testsuite>
  <testsuite name="makeActionTypes" errors="0" failures="0" skipped="0" timestamp="2021-07-22T19:30:28" time="1.052" tests="6">
    <testcase classname="makeActionTypes returns an array with three action types in the form used by RSAAs" name="makeActionTypes returns an array with three action types in the form used by RSAAs" time="0.003">
    </testcase>
    <testcase classname="makeApiActions creates a basic RSAA" name="makeApiActions creates a basic RSAA" time="0.002">
    </testcase>
    <testcase classname="makeApiActions handles POST and bodies" name="makeApiActions handles POST and bodies" time="0.001">
    </testcase>
    <testcase classname="makeApiActions handles headers and credentials" name="makeApiActions handles headers and credentials" time="0.009">
    </testcase>
    <testcase classname="makeApiActions handles options and bailout" name="makeApiActions handles options and bailout" time="0.003">
    </testcase>
    <testcase classname="makeApiActions handles action metadata" name="makeApiActions handles action metadata" time="0.002">
    </testcase>
  </testsuite>
  <testsuite name="Paper Props" errors="0" failures="0" skipped="0" timestamp="2021-07-22T19:30:28" time="1.428" tests="7">
    <testcase classname="Paper Props Contains necessary rule and prop names" name="Paper Props Contains necessary rule and prop names" time="0.007">
    </testcase>
    <testcase classname="Paper Props Puts keys in component props and classes maps" name="Paper Props Puts keys in component props and classes maps" time="0.002">
    </testcase>
    <testcase classname="isPaperProps Returns true if passed value is null" name="isPaperProps Returns true if passed value is null" time="0.001">
    </testcase>
    <testcase classname="isPaperProps Returns false if passed value is not object" name="isPaperProps Returns false if passed value is not object" time="0">
    </testcase>
    <testcase classname="isPaperProps Returns true if passed value type is PaperProps" name="isPaperProps Returns true if passed value type is PaperProps" time="0.001">
    </testcase>
    <testcase classname="isPaperProps Returns true if passed value has property _isPaperProps and it&apos;s true" name="isPaperProps Returns true if passed value has property _isPaperProps and it&apos;s true" time="0">
    </testcase>
    <testcase classname="isPaperProps Returns false if passed value has property _isPaperProps and it&apos;s false or missing" name="isPaperProps Returns false if passed value has property _isPaperProps and it&apos;s false or missing" time="0.001">
    </testcase>
  </testsuite>
  <testsuite name="normalizeForSearch" errors="0" failures="0" skipped="0" timestamp="2021-07-22T19:30:28" time="0.977" tests="2">
    <testcase classname="normalizeForSearch transforms a string into lowercase" name="normalizeForSearch transforms a string into lowercase" time="0.003">
    </testcase>
    <testcase classname="normalizeForSearch strips off accents" name="normalizeForSearch strips off accents" time="0.002">
    </testcase>
  </testsuite>
  <testsuite name="versionInfo" errors="0" failures="0" skipped="0" timestamp="2021-07-22T19:30:28" time="1.114" tests="4">
    <testcase classname="versionInfo behaves as a reducer should" name="versionInfo behaves as a reducer should" time="0.006">
    </testcase>
    <testcase classname="versionInfo saves version information" name="versionInfo saves version information" time="0.01">
    </testcase>
    <testcase classname="versionInfo resets version information" name="versionInfo resets version information" time="0.003">
    </testcase>
    <testcase classname="versionInfo handles version information with moduleHelpUrls being null" name="versionInfo handles version information with moduleHelpUrls being null" time="0.004">
    </testcase>
  </testsuite>
  <testsuite name="makeOrcApiAction" errors="0" failures="0" skipped="0" timestamp="2021-07-22T19:30:29" time="1.112" tests="6">
    <testcase classname="makeOrcApiAction creates an RSAA suited to accessing the Orckestrator API" name="makeOrcApiAction creates an RSAA suited to accessing the Orckestrator API" time="0.015">
    </testcase>
    <testcase classname="makeOrcApiAction does not delete information unnecessarily" name="makeOrcApiAction does not delete information unnecessarily" time="0.026">
    </testcase>
    <testcase classname="makeOrcApiAction bailout bails out if same request active" name="makeOrcApiAction bailout bails out if same request active" time="0.001">
    </testcase>
    <testcase classname="makeOrcApiAction bailout does not bail out if same request inactive" name="makeOrcApiAction bailout does not bail out if same request inactive" time="0.001">
    </testcase>
    <testcase classname="makeOrcApiAction bailout bails out if configured bailout is a function that returns true" name="makeOrcApiAction bailout bails out if configured bailout is a function that returns true" time="0.001">
    </testcase>
    <testcase classname="makeOrcApiAction bailout does not bail out if configured bailout is a function that returns false" name="makeOrcApiAction bailout does not bail out if configured bailout is a function that returns false" time="0.001">
    </testcase>
  </testsuite>
  <testsuite name="spawnerMiddleware" errors="0" failures="0" skipped="0" timestamp="2021-07-22T19:30:29" time="1.109" tests="4">
    <testcase classname="spawnerMiddleware is a Redux middleware" name="spawnerMiddleware is a Redux middleware" time="0.01">
    </testcase>
    <testcase classname="spawnerMiddleware adding action spawners can spawn actions in response to specific actions" name="spawnerMiddleware adding action spawners can spawn actions in response to specific actions" time="0.019">
    </testcase>
    <testcase classname="spawnerMiddleware adding action spawners handles if spawner does not return an action" name="spawnerMiddleware adding action spawners handles if spawner does not return an action" time="0.014">
    </testcase>
    <testcase classname="spawnerMiddleware adding action spawners throws error if a spawner is overwritten" name="spawnerMiddleware adding action spawners throws error if a spawner is overwritten" time="0.004">
    </testcase>
  </testsuite>
  <testsuite name="modulesSelector" errors="0" failures="0" skipped="0" timestamp="2021-07-22T19:30:29" time="1.08" tests="1">
    <testcase classname="modulesSelector Retrieves modules" name="modulesSelector Retrieves modules" time="0.003">
    </testcase>
  </testsuite>
  <testsuite name="Checkbox Props" errors="0" failures="0" skipped="0" timestamp="2021-07-22T19:30:29" time="1.025" tests="7">
    <testcase classname="Checkbox Props Contains necessary props keys" name="Checkbox Props Contains necessary props keys" time="0.002">
    </testcase>
    <testcase classname="Checkbox Props Puts keys in component props map" name="Checkbox Props Puts keys in component props map" time="0.002">
    </testcase>
    <testcase classname="isCheckboxProps Returns true if passed value is null" name="isCheckboxProps Returns true if passed value is null" time="0.004">
    </testcase>
    <testcase classname="isCheckboxProps Returns false if passed value is not object" name="isCheckboxProps Returns false if passed value is not object" time="0">
    </testcase>
    <testcase classname="isCheckboxProps Returns true if passed value type is CheckboxProps" name="isCheckboxProps Returns true if passed value type is CheckboxProps" time="0">
    </testcase>
    <testcase classname="isCheckboxProps Returns true if passed value has property _isCheckboxProps and it&apos;s true" name="isCheckboxProps Returns true if passed value has property _isCheckboxProps and it&apos;s true" time="0">
    </testcase>
    <testcase classname="isCheckboxProps Returns false if passed value has property _isCheckboxProps and it&apos;s false or missing" name="isCheckboxProps Returns false if passed value has property _isCheckboxProps and it&apos;s false or missing" time="0.001">
    </testcase>
  </testsuite>
  <testsuite name="defaultAppId" errors="0" failures="0" skipped="0" timestamp="2021-07-22T19:30:29" time="1.006" tests="2">
    <testcase classname="defaultAppId gets the id of the default app" name="defaultAppId gets the id of the default app" time="0.005">
    </testcase>
    <testcase classname="defaultAppId gets the the default scope" name="defaultAppId gets the the default scope" time="0.003">
    </testcase>
  </testsuite>
  <testsuite name="Country Helper" errors="0" failures="0" skipped="0" timestamp="2021-07-22T19:30:30" time="0.944" tests="3">
    <testcase classname="Country Helper Retrieves country display name by country code" name="Country Helper Retrieves country display name by country code" time="0.003">
    </testcase>
    <testcase classname="Country Helper Retrieves not translated country code if no display name found" name="Country Helper Retrieves not translated country code if no display name found" time="0.002">
    </testcase>
    <testcase classname="Country Helper Retrieves not translated country code if no country found" name="Country Helper Retrieves not translated country code if no country found" time="0.001">
    </testcase>
  </testsuite>
  <testsuite name="countries" errors="0" failures="0" skipped="0" timestamp="2021-07-22T19:30:30" time="0.976" tests="2">
    <testcase classname="countries behaves as a reducer should" name="countries behaves as a reducer should" time="0.004">
    </testcase>
    <testcase classname="countries saves countries" name="countries saves countries" time="0.003">
    </testcase>
  </testsuite>
  <testsuite name="InputBase Props" errors="0" failures="0" skipped="0" timestamp="2021-07-22T19:30:30" time="0.936" tests="7">
    <testcase classname="InputBase Props Contains necessary props keys" name="InputBase Props Contains necessary props keys" time="0.001">
    </testcase>
    <testcase classname="InputBase Props Puts keys in component props map" name="InputBase Props Puts keys in component props map" time="0.002">
    </testcase>
    <testcase classname="isInputProps Returns true if passed value is null" name="isInputProps Returns true if passed value is null" time="0">
    </testcase>
    <testcase classname="isInputProps Returns false if passed value is not object" name="isInputProps Returns false if passed value is not object" time="0">
    </testcase>
    <testcase classname="isInputProps Returns true if passed value type is InputBaseProps" name="isInputProps Returns true if passed value type is InputBaseProps" time="0.001">
    </testcase>
    <testcase classname="isInputProps Returns true if passed value has property _isInputProps and it&apos;s true" name="isInputProps Returns true if passed value has property _isInputProps and it&apos;s true" time="0">
    </testcase>
    <testcase classname="isInputProps Returns false if passed value has property _isInputProps and it&apos;s false or missing" name="isInputProps Returns false if passed value has property _isInputProps and it&apos;s false or missing" time="0.001">
    </testcase>
  </testsuite>
  <testsuite name="removeTab" errors="0" failures="0" skipped="0" timestamp="2021-07-22T19:30:30" time="0.889" tests="3">
    <testcase classname="removeTab creates a remove tab action" name="removeTab creates a remove tab action" time="0.003">
    </testcase>
    <testcase classname="setHrefConfig set href config action" name="setHrefConfig set href config action" time="0.001">
    </testcase>
    <testcase classname="setClosingTabHandlerActions set closing tab handler actions" name="setClosingTabHandlerActions set closing tab handler actions" time="0.001">
    </testcase>
  </testsuite>
  <testsuite name="setTranslation" errors="0" failures="0" skipped="0" timestamp="2021-07-22T19:30:30" time="0.926" tests="6">
    <testcase classname="setTranslation replaces a i18n message structure with the selected locale&apos;s string" name="setTranslation replaces a i18n message structure with the selected locale&apos;s string" time="0.002">
    </testcase>
    <testcase classname="setTranslation returns the unchanged object if the path isn&apos;t found" name="setTranslation returns the unchanged object if the path isn&apos;t found" time="0.002">
    </testcase>
    <testcase classname="setTranslation replaces with the first string if the given language is unavailable" name="setTranslation replaces with the first string if the given language is unavailable" time="0.002">
    </testcase>
    <testcase classname="setTranslation returns an empty string if no messages are available" name="setTranslation returns an empty string if no messages are available" time="0.001">
    </testcase>
    <testcase classname="setTranslation returns if no object passed" name="setTranslation returns if no object passed" time="0">
    </testcase>
    <testcase classname="setTranslation returns first not empty string if the given language is unavailable" name="setTranslation returns first not empty string if the given language is unavailable" time="0.001">
    </testcase>
  </testsuite>
  <testsuite name="curry" errors="0" failures="0" skipped="0" timestamp="2021-07-22T19:30:30" time="0.816" tests="8">
    <testcase classname="curry 0 &lt; curried &lt; arity returns a function" name="curry 0 &lt; curried &lt; arity returns a function" time="0.003">
    </testcase>
    <testcase classname="curry 0 &lt; curried &lt; arity calls wrapped function with curried parameters and call parameters" name="curry 0 &lt; curried &lt; arity calls wrapped function with curried parameters and call parameters" time="0.001">
    </testcase>
    <testcase classname="curry curried = 0 returns a function" name="curry curried = 0 returns a function" time="0.001">
    </testcase>
    <testcase classname="curry curried = 0 has no curried parameters" name="curry curried = 0 has no curried parameters" time="0.001">
    </testcase>
    <testcase classname="curry curried = arity returns a function" name="curry curried = arity returns a function" time="0">
    </testcase>
    <testcase classname="curry curried = arity calls wrapped function with curried parameters" name="curry curried = arity calls wrapped function with curried parameters" time="0.001">
    </testcase>
    <testcase classname="curry curried &gt; arity returns a function" name="curry curried &gt; arity returns a function" time="0">
    </testcase>
    <testcase classname="curry curried &gt; arity calls function with curried parameters" name="curry curried &gt; arity calls function with curried parameters" time="0.001">
    </testcase>
  </testsuite>
  <testsuite name="TableProps Props" errors="0" failures="0" skipped="0" timestamp="2021-07-22T19:30:30" time="0.837" tests="7">
    <testcase classname="TableProps Props Contains necessary props keys" name="TableProps Props Contains necessary props keys" time="0.001">
    </testcase>
    <testcase classname="TableProps Props Puts keys in component props map" name="TableProps Props Puts keys in component props map" time="0.003">
    </testcase>
    <testcase classname="isTableProps Returns true if passed value is null" name="isTableProps Returns true if passed value is null" time="0.008">
    </testcase>
    <testcase classname="isTableProps Returns false if passed value is not object" name="isTableProps Returns false if passed value is not object" time="0.001">
    </testcase>
    <testcase classname="isTableProps Returns true if passed value type is TableProps" name="isTableProps Returns true if passed value type is TableProps" time="0">
    </testcase>
    <testcase classname="isTableProps Returns true if passed value has property _isTableProps and it&apos;s true" name="isTableProps Returns true if passed value has property _isTableProps and it&apos;s true" time="0">
    </testcase>
    <testcase classname="isTableProps Returns false if passed value has property _isTableProps and it&apos;s false or missing" name="isTableProps Returns false if passed value has property _isTableProps and it&apos;s false or missing" time="0">
    </testcase>
  </testsuite>
</testsuites>